[11:09:33] [main/INFO]: Environment: authHost='https://authserver.mojang.com', accountsHost='https://api.mojang.com', sessionHost='https://sessionserver.mojang.com', servicesHost='https://api.minecraftservices.com', name='PROD'
[11:09:34] [main/INFO]: Reloading ResourceManager: Default, bukkit
[11:09:34] [Worker-Main-3/INFO]: Loaded 7 recipes
[11:09:35] [Server thread/INFO]: Starting minecraft server version 1.16.4
[11:09:35] [Server thread/INFO]: Loading properties
[11:09:35] [Server thread/INFO]: This server is running Paper version git-Paper-416 (MC: 1.16.4) (Implementing API version 1.16.4-R0.1-SNAPSHOT)
[11:09:35] [Server thread/INFO]: Debug logging is disabled
[11:09:35] [Server thread/INFO]: Server Ping Player Sample Count: 12
[11:09:35] [Server thread/INFO]: Using 4 threads for Netty based IO
[11:09:35] [Server thread/INFO]: Default game type: CREATIVE
[11:09:35] [Server thread/INFO]: Generating keypair
[11:09:36] [Server thread/INFO]: Starting Minecraft server on *:25565
[11:09:36] [Server thread/INFO]: Using epoll channel type
[11:09:36] [Server thread/INFO]: [WorldEdit] Loading WorldEdit v7.2.2+fc3c499
[11:09:36] [Server thread/INFO]: Got request to register class com.sk89q.worldedit.bukkit.BukkitServerInterface with WorldEdit [com.sk89q.worldedit.extension.platform.PlatformManager@1e57aef0]
[11:09:36] [Server thread/INFO]: Server permissions file permissions.yml is empty, ignoring it
[11:09:36] [Server thread/INFO]: [WorldEdit] Enabling WorldEdit v7.2.2+fc3c499
[11:09:36] [Server thread/INFO]: WEPIF: Using the Bukkit Permissions API.
[11:09:37] [Server thread/INFO]: Using com.sk89q.worldedit.bukkit.adapter.impl.Spigot_v1_16_R3 as the Bukkit adapter
[11:09:37] [Server thread/WARN]: **** SERVER IS RUNNING IN OFFLINE/INSECURE MODE!
[11:09:37] [Server thread/WARN]: The server will make no attempt to authenticate usernames. Beware.
[11:09:37] [Server thread/WARN]: While this makes the game possible to play without internet access, it also opens up the ability for hackers to connect with any username they choose.
[11:09:37] [Server thread/WARN]: To change this, set "online-mode" to "true" in the server.properties file.
[11:09:37] [Server thread/INFO]: Preparing level "world"
[11:09:38] [Server thread/INFO]: Registering commands with com.sk89q.worldedit.bukkit.BukkitServerInterface
[11:09:38] [Server thread/INFO]: Preparing start region for dimension minecraft:overworld
[11:09:38] [Server thread/INFO]: Loaded 0 spawn chunks for world world
[11:09:38] [Server thread/INFO]: Preparing spawn area: 0%
[11:09:38] [Server thread/INFO]: Preparing spawn area: 0%
[11:09:39] [Server thread/INFO]: Time elapsed: 851 ms
[11:09:39] [Server thread/INFO]: Preparing start region for dimension minecraft:the_nether
[11:09:39] [Server thread/INFO]: Loaded 0 spawn chunks for world world_nether
[11:09:39] [Server thread/INFO]: Time elapsed: 95 ms
[11:09:39] [Server thread/INFO]: Preparing start region for dimension minecraft:the_end
[11:09:39] [Server thread/INFO]: Loaded 0 spawn chunks for world world_the_end
[11:09:39] [Server thread/INFO]: Time elapsed: 109 ms
[11:09:39] [Server thread/INFO]: Running delayed init tasks
[11:09:39] [Server thread/INFO]: Done (3.942s)! For help, type "help"
[11:09:39] [Server thread/INFO]: Timings Reset
[11:09:44] [Server thread/INFO]: Stopping the server
[11:09:44] [Server thread/INFO]: Stopping server
[11:09:44] [Server thread/INFO]: [WorldEdit] Disabling WorldEdit v7.2.2+fc3c499
[11:09:44] [Server thread/INFO]: Unregistering com.sk89q.worldedit.bukkit.BukkitServerInterface from WorldEdit
[11:09:44] [Server thread/INFO]: Saving players
[11:09:44] [Server thread/INFO]: Saving worlds
[11:09:44] [Server thread/INFO]: Saving chunks for level 'ServerLevel[world]'/minecraft:overworld
[11:09:46] [Server thread/INFO]: ThreadedAnvilChunkStorage (world): All chunks are saved
[11:09:46] [Server thread/INFO]: Saving chunks for level 'ServerLevel[world_nether]'/minecraft:the_nether
[11:09:50] [Server thread/INFO]: ThreadedAnvilChunkStorage (DIM-1): All chunks are saved
[11:09:50] [Server thread/INFO]: Saving chunks for level 'ServerLevel[world_the_end]'/minecraft:the_end
[11:09:51] [Server thread/INFO]: ThreadedAnvilChunkStorage (DIM1): All chunks are saved
[11:09:51] [Server thread/INFO]: ThreadedAnvilChunkStorage (world): All chunks are saved
[11:09:51] [Server thread/INFO]: ThreadedAnvilChunkStorage (DIM-1): All chunks are saved
[11:09:51] [Server thread/INFO]: ThreadedAnvilChunkStorage (DIM1): All chunks are saved
[11:09:51] [Server thread/INFO]: Flushing Chunk IO
[11:09:51] [Server thread/INFO]: Closing Thread Pool
[11:09:51] [Server thread/INFO]: Closing Server
